Daily update success: Tue Jun 25 12:08:08 CEST 2013
Daily update success: Tue Jun 25 12:08:47 CEST 2013
Daily update successful: Tue Jun 25 12:10:22 CEST 2013
Daily update successful: Tue Jun 25 12:11:50 CEST 2013
Daily update successful: Tue Jun 25 12:16:06 CEST 2013
Daily update successful: Tue Jun 25 12:17:21 CEST 2013
Daily update successful: Tue Jun 25 13:16:49 CEST 2013
Daily update successful: Tue Jun 25 13:18:33 CEST 2013
Daily update successful: Tue Jun 25 14:18:02 CEST 2013
Daily update successful: Tue Jun 25 14:18:32 CEST 2013
Daily update successful: Tue Jun 25 14:19:03 CEST 2013
Daily update successful: Tue Jun 25 14:19:24 CEST 2013
Daily update successful: Wed Jun 26 00:00:22 CEST 2013
Daily update successful: Thu Jun 27 00:00:17 CEST 2013
Daily update successful: Thu Jun 27 10:33:15 CEST 2013
Daily update successful: Thu Jun 27 15:38:37 CEST 2013
Daily update successful: Thu Jun 27 16:02:53 CEST 2013
Daily update successful: Thu Jun 27 16:04:15 CEST 2013
Daily update successful: Thu Jun 27 18:52:33 CEST 2013
Daily update successful: Fri Jul  5 00:00:38 CEST 2013
Daily update successful: Tue Jul  9 00:00:35 CEST 2013
Daily update successful: Fri Jul 12 00:01:20 CEST 2013
Daily update successful: Mon Jul 15 00:00:49 CEST 2013
Daily update successful: Wed Jul 17 00:00:39 CEST 2013
Daily update successful: Thu Jul 18 00:00:52 CEST 2013
Daily update successful: Sat Jul 20 00:00:45 CEST 2013
Daily update successful: Mon Jul 22 00:00:38 CEST 2013
Daily update successful: Tue Jul 23 00:00:39 CEST 2013
Daily update successful: Wed Jul 31 00:20:27 CEST 2013
Daily update successful: Sat Aug  3 00:00:30 CEST 2013
Daily update successful: Sun Aug  4 00:00:33 CEST 2013
Daily update successful: Tue Aug  6 00:00:54 CEST 2013
Daily update successful: Tue Aug  6 12:44:29 CEST 2013
Daily update successful: Tue Aug  6 12:48:37 CEST 2013
Daily update successful: Tue Aug  6 12:56:22 CEST 2013
Daily update successful: Tue Aug  6 12:56:48 CEST 2013
Daily update successful: Tue Aug  6 13:01:09 CEST 2013
Daily update successful: Wed Aug  7 00:00:42 CEST 2013
Daily update successful: Thu Aug  8 00:00:26 CEST 2013
Daily update successful: Sat Aug 10 00:00:44 CEST 2013
